<?xml version="1.0" encoding="UTF-8"?>
<!-- Generated by org.testng.reporters.JUnitXMLReporter -->
<testsuite ignored="0" hostname="DESKTOP-CUHVHGM" failures="0" tests="4" name="Default test" time="12.961" errors="0" timestamp="2023-10-23T11:05:43 MSK">
  <testcase classname="api.test.UserTests" name="testPostUser" time="7.246"/>
  <testcase classname="api.test.UserTests" name="testGetUserByName" time="1.438"/>
  <testcase classname="api.test.UserTests" name="testUpdateUserByName" time="2.379"/>
  <testcase classname="api.test.UserTests" name="testDeleteUserByName" time="1.173"/>
</testsuite> <!-- Default test -->
