<?xml version="1.0" encoding="UTF-8"?>
<testng-results ignored="0" total="4" passed="4" failed="0" skipped="0">
  <reporter-output>
  </reporter-output>
  <suite started-at="2023-10-24T16:56:41 MSK" name="PetSuite" finished-at="2023-10-24T16:57:02 MSK" duration-ms="20967">
    <groups>
    </groups>
    <test started-at="2023-10-24T16:56:41 MSK" name="PetTest" finished-at="2023-10-24T16:57:02 MSK" duration-ms="20967">
      <class name="api.test.UserTests2">
        <test-method is-config="true" signature="setup()[pri:0, instance:api.test.UserTests2@47eaca72]" started-at="2023-10-24T16:56:43 MSK" name="setup" finished-at="2023-10-24T16:56:43 MSK" duration-ms="585" status="PASS">
          <reporter-output>
          </reporter-output>
        </test-method> <!-- setup -->
        <test-method signature="testPostUser()[pri:1, instance:api.test.UserTests2@47eaca72]" started-at="2023-10-24T16:56:43 MSK" name="testPostUser" finished-at="2023-10-24T16:56:54 MSK" duration-ms="10788" status="PASS">
          <reporter-output>
          </reporter-output>
        </test-method> <!-- testPostUser -->
        <test-method signature="testGetUserByName()[pri:2, instance:api.test.UserTests2@47eaca72]" started-at="2023-10-24T16:56:54 MSK" name="testGetUserByName" finished-at="2023-10-24T16:56:56 MSK" duration-ms="2456" status="PASS">
          <reporter-output>
          </reporter-output>
        </test-method> <!-- testGetUserByName -->
        <test-method signature="testUpdateUserByName()[pri:3, instance:api.test.UserTests2@47eaca72]" started-at="2023-10-24T16:56:56 MSK" name="testUpdateUserByName" finished-at="2023-10-24T16:57:00 MSK" duration-ms="3653" status="PASS">
          <reporter-output>
          </reporter-output>
        </test-method> <!-- testUpdateUserByName -->
        <test-method signature="testDeleteUserByName()[pri:4, instance:api.test.UserTests2@47eaca72]" started-at="2023-10-24T16:57:00 MSK" name="testDeleteUserByName" finished-at="2023-10-24T16:57:02 MSK" duration-ms="1961" status="PASS">
          <reporter-output>
          </reporter-output>
        </test-method> <!-- testDeleteUserByName -->
      </class> <!-- api.test.UserTests2 -->
    </test> <!-- PetTest -->
  </suite> <!-- PetSuite -->
</testng-results>
