<?xml version="1.0" encoding="UTF-8"?>
<!-- Generated by org.testng.reporters.JUnitXMLReporter -->
<testsuite ignored="0" hostname="DESKTOP-CUHVHGM" failures="0" tests="4" name="PetTest" time="20.967" errors="0" timestamp="2023-10-24T16:57:04 MSK">
  <testcase classname="api.test.UserTests2" name="testPostUser" time="10.788"/>
  <testcase classname="api.test.UserTests2" name="testGetUserByName" time="2.456"/>
  <testcase classname="api.test.UserTests2" name="testUpdateUserByName" time="3.653"/>
  <testcase classname="api.test.UserTests2" name="testDeleteUserByName" time="1.961"/>
</testsuite> <!-- PetTest -->
